
Showing logs for build [32mcb-kubecd-environment-pr-244-2-7l4tx-1[0m stage [32mfrom-build-pack[0m and container [32mstep-credential-initializer-gczx7[0m
{"level":"info","ts":1593172496.4270058,"logger":"fallback-logger","caller":"logging/config.go:69","msg":"Fetch GitHub commit ID from kodata failed: open /var/run/ko/refs/heads/0.8.0-ns-support: no such file or directory"}
{"level":"info","ts":1593172496.4277337,"logger":"fallback-logger","caller":"creds-init/main.go:40","msg":"Credentials initialized."}

Showing logs for build [32mcb-kubecd-environment-pr-244-2-7l4tx-1[0m stage [32mfrom-build-pack[0m and container [32mstep-working-dir-initializer-n5kbx[0m
{"level":"info","ts":1593172497.4607265,"logger":"fallback-logger","caller":"logging/config.go:69","msg":"Fetch GitHub commit ID from kodata failed: open /var/run/ko/HEAD: no such file or directory"}
{"level":"info","ts":1593172497.4636428,"logger":"fallback-logger","caller":"bash/main.go:64","msg":"Successfully executed command \"sh -c mkdir -p /workspace/source\"; output "}

Showing logs for build [32mcb-kubecd-environment-pr-244-2-7l4tx-1[0m stage [32mfrom-build-pack[0m and container [32mstep-place-tools[0m

Showing logs for build [32mcb-kubecd-environment-pr-244-2-7l4tx-1[0m stage [32mfrom-build-pack[0m and container [32mstep-git-source-cb-kubecd-environment-pr-244-2-7l4tx-thrb8[0m
{"level":"info","ts":1593172500.5895784,"logger":"fallback-logger","caller":"logging/config.go:69","msg":"Fetch GitHub commit ID from kodata failed: open /var/run/ko/refs/heads/0.8.0-ns-support: no such file or directory"}
{"level":"info","ts":1593172501.832609,"logger":"fallback-logger","caller":"git/git.go:103","msg":"Successfully cloned https://github.com/cb-kubecd/environment-pr-244-2-boot-vault-gke-production.git @ master in path /workspace/source"}

Showing logs for build [32mcb-kubecd-environment-pr-244-2-7l4tx-1[0m stage [32mfrom-build-pack[0m and container [32mstep-git-merge[0m
Using SHAs from PULL_REFS=master:efcded40fb7d864e73a8fbcaa5a92c76c0fcfd36,1:d8f4f2118ad65c4a25da234146969ea5373f4adc
DEBUG: LC_ALL=C JX_LOG_LEVEL=error git fetch origin --unshallow d8f4f2118ad65c4a25da234146969ea5373f4adc: efcded40fb7d864e73a8fbcaa5a92c76c0fcfd36:
DEBUG: ran git fetch --unshallow origin d8f4f2118ad65c4a25da234146969ea5373f4adc: efcded40fb7d864e73a8fbcaa5a92c76c0fcfd36: in 
DEBUG: LC_ALL=C JX_LOG_LEVEL=error git branch
DEBUG: LC_ALL=C JX_LOG_LEVEL=error git checkout master
DEBUG: ran git checkout master in 
DEBUG: LC_ALL=C JX_LOG_LEVEL=error git reset --hard efcded40fb7d864e73a8fbcaa5a92c76c0fcfd36
DEBUG: ran git reset --hard efcded40fb7d864e73a8fbcaa5a92c76c0fcfd36 in 
DEBUG: LC_ALL=C JX_LOG_LEVEL=error git clean -fd .
DEBUG: ran clean --force -d . in 
DEBUG: LC_ALL=C JX_LOG_LEVEL=error git merge d8f4f2118ad65c4a25da234146969ea5373f4adc
DEBUG: ran git merge d8f4f2118ad65c4a25da234146969ea5373f4adc in 
DEBUG: LC_ALL=C JX_LOG_LEVEL=error git log --format=%H%x1f%an%x1f%ae%x1f%cn%x1f%ce%x1f%s%n%b%x1e efcded40fb7d864e73a8fbcaa5a92c76c0fcfd36..HEAD
Merged SHA d8f4f2118ad65c4a25da234146969ea5373f4adc with commit message 'chore: Promote bdd-spring-1593171113 to version 0.0.1' into base branch master

Showing logs for build [32mcb-kubecd-environment-pr-244-2-7l4tx-1[0m stage [32mfrom-build-pack[0m and container [32mstep-build-helm-build[0m
WARNING: No $CHART_REPOSITORY defined so using the default value of: http://jenkins-x-chartmuseum:8080
Adding missing Helm repo: storage.googleapis.com https://storage.googleapis.com/chartmuseum.jenkins-x.io
WARNING: No secrets found on "helm/repos" due: reading the secret "helm/repos" from vault: no secret "helm/repos" not found in vault
Read credentials for https://storage.googleapis.com/chartmuseum.jenkins-x.io from vault helm/repos
Successfully added Helm repository storage.googleapis.com.
Adding missing Helm repo: jenkins-x-chartmuseum http://jenkins-x-chartmuseum:8080
WARNING: No secrets found on "helm/repos" due: reading the secret "helm/repos" from vault: no secret "helm/repos" not found in vault
Read credentials for http://jenkins-x-chartmuseum:8080 from vault helm/repos
Successfully added Helm repository jenkins-x-chartmuseum.
WARNING: No $CHART_REPOSITORY defined so using the default value of: http://jenkins-x-chartmuseum:8080
Adding missing Helm repo: chartmuseum.jenkins-x.io http://chartmuseum.jenkins-x.io
WARNING: No secrets found on "helm/repos" due: reading the secret "helm/repos" from vault: no secret "helm/repos" not found in vault
Read credentials for http://chartmuseum.jenkins-x.io from vault helm/repos
Successfully added Helm repository chartmuseum.jenkins-x.io.
